2023-12-26 21:25:50,378 [Worker-5: Loading available Gradle versions] INFO  o.e.b.c.i.u.g.PublishedGradleVersions - Gradle version information cache is out-of-date. Trying to update.
2023-12-26 21:36:28,190 [Worker-21: Creating project "Standlone-APP"] INFO  o.e.m.c.i.l.LifecycleMappingFactory - Using org.eclipse.m2e.jdt.JarLifecycleMapping lifecycle mapping for MavenProject: com.raviit:Standlone-APP:0.0.1-SNAPSHOT @ D:\First-Maven-Application\Standlone-APP\pom.xml.
2023-12-26 21:36:31,209 [Worker-21: Creating project "Standlone-APP"] INFO  o.e.m.j.i.AbstractJavaProjectConfigurator - Adding source folder /Standlone-APP/src/main/java
2023-12-26 21:36:31,211 [Worker-21: Creating project "Standlone-APP"] INFO  o.e.m.j.i.AbstractJavaProjectConfigurator - Adding resource folder /Standlone-APP/src/main/resources
2023-12-26 21:36:31,214 [Worker-21: Creating project "Standlone-APP"] INFO  o.e.m.j.i.AbstractJavaProjectConfigurator - Adding source folder /Standlone-APP/src/test/java
2023-12-26 21:36:31,214 [Worker-21: Creating project "Standlone-APP"] INFO  o.e.m.j.i.AbstractJavaProjectConfigurator - Adding resource folder /Standlone-APP/src/test/resources
2023-12-26 21:36:34,339 [Worker-22: Building] WARN  o.e.m.c.i.embedder.EclipseLogger - Using platform encoding (Cp1252 actually) to copy filtered resources, i.e. build is platform dependent!
2023-12-26 21:36:34,351 [Worker-22: Building] INFO  o.e.m.c.i.embedder.EclipseLogger - Copying 0 resource
2023-12-26 21:36:34,355 [Worker-22: Building] WARN  o.e.m.c.i.embedder.EclipseLogger - Using platform encoding (Cp1252 actually) to copy filtered resources, i.e. build is platform dependent!
2023-12-26 21:36:34,357 [Worker-22: Building] INFO  o.e.m.c.i.embedder.EclipseLogger - Copying 0 resource
2023-12-26 21:40:56,485 [Worker-25: Launching Executing clean in D__First-Maven-Application_Standlone-APP] INFO  o.e.m.i.launch.MavenLaunchDelegate - D:\First-Maven-Application\Standlone-APP
2023-12-26 21:40:56,490 [Worker-25: Launching Executing clean in D__First-Maven-Application_Standlone-APP] INFO  o.e.m.i.launch.MavenLaunchDelegate -  mvn -B clean
2023-12-26 21:41:01,171 [Worker-27: Building] WARN  o.e.m.c.i.embedder.EclipseLogger - Using platform encoding (Cp1252 actually) to copy filtered resources, i.e. build is platform dependent!
2023-12-26 21:41:01,188 [Worker-27: Building] INFO  o.e.m.c.i.embedder.EclipseLogger - Copying 0 resource
2023-12-26 21:41:01,192 [Worker-27: Building] WARN  o.e.m.c.i.embedder.EclipseLogger - Using platform encoding (Cp1252 actually) to copy filtered resources, i.e. build is platform dependent!
2023-12-26 21:41:01,195 [Worker-27: Building] INFO  o.e.m.c.i.embedder.EclipseLogger - Copying 0 resource
2023-12-26 21:41:14,102 [Worker-26: Updating Maven Project] INFO  o.e.m.c.i.p.ProjectConfigurationManager - Update started
2023-12-26 21:41:14,800 [Worker-26: Updating Maven Project] INFO  o.e.m.c.i.l.LifecycleMappingFactory - Using org.eclipse.m2e.jdt.JarLifecycleMapping lifecycle mapping for MavenProject: com.raviit:Standlone-APP:0.0.1-SNAPSHOT @ D:\First-Maven-Application\Standlone-APP\pom.xml.
2023-12-26 21:41:15,235 [Worker-26: Updating Maven Project] INFO  o.e.m.j.i.AbstractJavaProjectConfigurator - Adding source folder /Standlone-APP/src/main/java
2023-12-26 21:41:15,236 [Worker-26: Updating Maven Project] INFO  o.e.m.j.i.AbstractJavaProjectConfigurator - Adding resource folder /Standlone-APP/src/main/resources
2023-12-26 21:41:15,237 [Worker-26: Updating Maven Project] INFO  o.e.m.j.i.AbstractJavaProjectConfigurator - Adding source folder /Standlone-APP/src/test/java
2023-12-26 21:41:15,237 [Worker-26: Updating Maven Project] INFO  o.e.m.j.i.AbstractJavaProjectConfigurator - Adding resource folder /Standlone-APP/src/test/resources
2023-12-26 21:41:15,379 [Worker-26: Updating Maven Project] INFO  o.e.m.c.i.p.ProjectConfigurationManager - Update completed: 1 sec
2023-12-26 21:41:15,633 [Worker-25: Building] WARN  o.e.m.c.i.embedder.EclipseLogger - Using platform encoding (Cp1252 actually) to copy filtered resources, i.e. build is platform dependent!
2023-12-26 21:41:15,636 [Worker-25: Building] INFO  o.e.m.c.i.embedder.EclipseLogger - Copying 0 resource
2023-12-26 21:41:15,639 [Worker-25: Building] WARN  o.e.m.c.i.embedder.EclipseLogger - Using platform encoding (Cp1252 actually) to copy filtered resources, i.e. build is platform dependent!
2023-12-26 21:41:15,641 [Worker-25: Building] INFO  o.e.m.c.i.embedder.EclipseLogger - Copying 0 resource
2023-12-26 21:41:46,856 [main] INFO  o.e.m2e.actions.ExecutePomAction - Creating new launch configuration
2023-12-26 21:42:00,430 [Worker-26: Launching Standlone-APP] INFO  o.e.m.i.launch.MavenLaunchDelegate - D:\First-Maven-Application\Standlone-APP
2023-12-26 21:42:00,431 [Worker-26: Launching Standlone-APP] INFO  o.e.m.i.launch.MavenLaunchDelegate -  mvn -B compile
2023-12-26 21:42:14,859 [main] INFO  o.e.m2e.actions.ExecutePomAction - Creating new launch configuration
2023-12-26 21:42:19,954 [Worker-0: Launching Standlone-APP (1)] INFO  o.e.m.i.launch.MavenLaunchDelegate - D:\First-Maven-Application\Standlone-APP
2023-12-26 21:42:19,954 [Worker-0: Launching Standlone-APP (1)] INFO  o.e.m.i.launch.MavenLaunchDelegate -  mvn -B test
2023-12-26 21:42:39,208 [main] INFO  o.e.m2e.actions.ExecutePomAction - Creating new launch configuration
2023-12-26 21:43:00,211 [main] INFO  o.e.m2e.actions.ExecutePomAction - Creating new launch configuration
2023-12-26 21:43:09,667 [Worker-21: Launching Standlone-APP (3)] INFO  o.e.m.i.launch.MavenLaunchDelegate - D:\First-Maven-Application\Standlone-APP
2023-12-26 21:43:09,667 [Worker-21: Launching Standlone-APP (3)] INFO  o.e.m.i.launch.MavenLaunchDelegate -  mvn -B compile
2023-12-26 21:43:29,949 [Worker-25: Building] WARN  o.e.m.c.i.embedder.EclipseLogger - Using platform encoding (Cp1252 actually) to copy filtered resources, i.e. build is platform dependent!
2023-12-26 21:43:29,955 [Worker-25: Building] INFO  o.e.m.c.i.embedder.EclipseLogger - Copying 0 resource
2023-12-26 21:43:29,958 [Worker-25: Building] WARN  o.e.m.c.i.embedder.EclipseLogger - Using platform encoding (Cp1252 actually) to copy filtered resources, i.e. build is platform dependent!
2023-12-26 21:43:29,960 [Worker-25: Building] INFO  o.e.m.c.i.embedder.EclipseLogger - Copying 0 resource
2023-12-26 21:43:48,082 [Worker-0: Building] WARN  o.e.m.c.i.embedder.EclipseLogger - Using platform encoding (Cp1252 actually) to copy filtered resources, i.e. build is platform dependent!
2023-12-26 21:43:48,085 [Worker-0: Building] INFO  o.e.m.c.i.embedder.EclipseLogger - Copying 0 resource
2023-12-26 21:43:48,088 [Worker-0: Building] WARN  o.e.m.c.i.embedder.EclipseLogger - Using platform encoding (Cp1252 actually) to copy filtered resources, i.e. build is platform dependent!
2023-12-26 21:43:48,090 [Worker-0: Building] INFO  o.e.m.c.i.embedder.EclipseLogger - Copying 0 resource
2023-12-26 21:43:49,108 [Worker-0: Building] WARN  o.e.m.c.i.embedder.EclipseLogger - Using platform encoding (Cp1252 actually) to copy filtered resources, i.e. build is platform dependent!
2023-12-26 21:43:49,110 [Worker-0: Building] INFO  o.e.m.c.i.embedder.EclipseLogger - Copying 0 resource
2023-12-26 21:43:49,113 [Worker-0: Building] WARN  o.e.m.c.i.embedder.EclipseLogger - Using platform encoding (Cp1252 actually) to copy filtered resources, i.e. build is platform dependent!
2023-12-26 21:43:49,115 [Worker-0: Building] INFO  o.e.m.c.i.embedder.EclipseLogger - Copying 0 resource
2023-12-26 22:15:33,083 [Worker-36: Building] WARN  o.e.m.c.i.embedder.EclipseLogger - Using platform encoding (Cp1252 actually) to copy filtered resources, i.e. build is platform dependent!
2023-12-26 22:15:33,087 [Worker-36: Building] INFO  o.e.m.c.i.embedder.EclipseLogger - Copying 0 resource
2023-12-26 22:15:33,089 [Worker-36: Building] WARN  o.e.m.c.i.embedder.EclipseLogger - Using platform encoding (Cp1252 actually) to copy filtered resources, i.e. build is platform dependent!
2023-12-26 22:15:33,092 [Worker-36: Building] INFO  o.e.m.c.i.embedder.EclipseLogger - Copying 0 resource
2023-12-26 22:16:46,992 [main] INFO  o.e.m2e.actions.ExecutePomAction - Creating new launch configuration
2023-12-26 22:16:52,097 [Worker-36: Launching Standlone-APP (4)] INFO  o.e.m.i.launch.MavenLaunchDelegate - D:\First-Maven-Application\Standlone-APP
2023-12-26 22:16:52,097 [Worker-36: Launching Standlone-APP (4)] INFO  o.e.m.i.launch.MavenLaunchDelegate -  mvn -B compile
2023-12-26 22:17:50,062 [Worker-38: Updating Maven Project] INFO  o.e.m.c.i.p.ProjectConfigurationManager - Update started
2023-12-26 22:17:50,724 [Worker-38: Updating Maven Project] INFO  o.e.m.c.i.l.LifecycleMappingFactory - Using org.eclipse.m2e.jdt.JarLifecycleMapping lifecycle mapping for MavenProject: com.raviit:Standlone-APP:0.0.1-SNAPSHOT @ D:\First-Maven-Application\Standlone-APP\pom.xml.
2023-12-26 22:17:51,073 [Worker-38: Updating Maven Project] INFO  o.e.m.j.i.AbstractJavaProjectConfigurator - Adding source folder /Standlone-APP/src/main/java
2023-12-26 22:17:51,073 [Worker-38: Updating Maven Project] INFO  o.e.m.j.i.AbstractJavaProjectConfigurator - Adding resource folder /Standlone-APP/src/main/resources
2023-12-26 22:17:51,074 [Worker-38: Updating Maven Project] INFO  o.e.m.j.i.AbstractJavaProjectConfigurator - Adding source folder /Standlone-APP/src/test/java
2023-12-26 22:17:51,074 [Worker-38: Updating Maven Project] INFO  o.e.m.j.i.AbstractJavaProjectConfigurator - Adding resource folder /Standlone-APP/src/test/resources
2023-12-26 22:17:51,199 [Worker-38: Updating Maven Project] INFO  o.e.m.c.i.p.ProjectConfigurationManager - Update completed: 1 sec
2023-12-26 22:17:51,393 [Worker-21: Building] WARN  o.e.m.c.i.embedder.EclipseLogger - Using platform encoding (Cp1252 actually) to copy filtered resources, i.e. build is platform dependent!
2023-12-26 22:17:51,396 [Worker-21: Building] INFO  o.e.m.c.i.embedder.EclipseLogger - Copying 0 resource
2023-12-26 22:17:51,399 [Worker-21: Building] WARN  o.e.m.c.i.embedder.EclipseLogger - Using platform encoding (Cp1252 actually) to copy filtered resources, i.e. build is platform dependent!
2023-12-26 22:17:51,401 [Worker-21: Building] INFO  o.e.m.c.i.embedder.EclipseLogger - Copying 0 resource
2023-12-26 22:18:00,553 [main] INFO  o.e.m2e.actions.ExecutePomAction - Creating new launch configuration
2023-12-26 22:18:09,879 [Worker-35: Launching Standlone-APP (5)] INFO  o.e.m.i.launch.MavenLaunchDelegate - D:\First-Maven-Application\Standlone-APP
2023-12-26 22:18:09,879 [Worker-35: Launching Standlone-APP (5)] INFO  o.e.m.i.launch.MavenLaunchDelegate -  mvn -B compile
2023-12-26 22:18:25,173 [Worker-35: Building] WARN  o.e.m.c.i.embedder.EclipseLogger - Using platform encoding (Cp1252 actually) to copy filtered resources, i.e. build is platform dependent!
2023-12-26 22:18:25,177 [Worker-35: Building] INFO  o.e.m.c.i.embedder.EclipseLogger - Copying 0 resource
2023-12-26 22:18:25,180 [Worker-35: Building] WARN  o.e.m.c.i.embedder.EclipseLogger - Using platform encoding (Cp1252 actually) to copy filtered resources, i.e. build is platform dependent!
2023-12-26 22:18:25,182 [Worker-35: Building] INFO  o.e.m.c.i.embedder.EclipseLogger - Copying 0 resource
2023-12-26 22:18:36,430 [main] INFO  o.e.m2e.actions.ExecutePomAction - Creating new launch configuration
2023-12-26 22:18:41,776 [Worker-35: Launching Standlone-APP (6)] INFO  o.e.m.i.launch.MavenLaunchDelegate - D:\First-Maven-Application\Standlone-APP
2023-12-26 22:18:41,776 [Worker-35: Launching Standlone-APP (6)] INFO  o.e.m.i.launch.MavenLaunchDelegate -  mvn -B package
2023-12-26 22:19:08,813 [Worker-35: Building] WARN  o.e.m.c.i.embedder.EclipseLogger - Using platform encoding (Cp1252 actually) to copy filtered resources, i.e. build is platform dependent!
2023-12-26 22:19:08,815 [Worker-35: Building] INFO  o.e.m.c.i.embedder.EclipseLogger - Copying 0 resource
2023-12-26 22:19:08,816 [Worker-35: Building] WARN  o.e.m.c.i.embedder.EclipseLogger - Using platform encoding (Cp1252 actually) to copy filtered resources, i.e. build is platform dependent!
2023-12-26 22:19:08,818 [Worker-35: Building] INFO  o.e.m.c.i.embedder.EclipseLogger - Copying 0 resource
2023-12-26 22:19:34,422 [Worker-21: Building] INFO  o.e.m.c.i.l.LifecycleMappingFactory - Using org.eclipse.m2e.jdt.JarLifecycleMapping lifecycle mapping for MavenProject: com.raviit:Standlone-APP:0.0.1-SNAPSHOT @ D:\First-Maven-Application\Standlone-APP\pom.xml.
2023-12-26 22:19:34,770 [Worker-21: Building] WARN  o.e.m.c.i.embedder.EclipseLogger - Using platform encoding (Cp1252 actually) to copy filtered resources, i.e. build is platform dependent!
2023-12-26 22:19:34,772 [Worker-21: Building] INFO  o.e.m.c.i.embedder.EclipseLogger - Copying 0 resource
2023-12-26 22:19:34,774 [Worker-21: Building] WARN  o.e.m.c.i.embedder.EclipseLogger - Using platform encoding (Cp1252 actually) to copy filtered resources, i.e. build is platform dependent!
2023-12-26 22:19:34,775 [Worker-21: Building] INFO  o.e.m.c.i.embedder.EclipseLogger - Copying 0 resource
2023-12-26 22:22:43,243 [Worker-41: Building] INFO  o.e.m.c.i.l.LifecycleMappingFactory - Using org.eclipse.m2e.jdt.JarLifecycleMapping lifecycle mapping for MavenProject: com.raviit:Standlone-APP:0.0.1-SNAPSHOT @ D:\First-Maven-Application\Standlone-APP\pom.xml.
2023-12-26 22:22:43,566 [Worker-41: Building] WARN  o.e.m.c.i.embedder.EclipseLogger - Using platform encoding (Cp1252 actually) to copy filtered resources, i.e. build is platform dependent!
2023-12-26 22:22:43,569 [Worker-41: Building] INFO  o.e.m.c.i.embedder.EclipseLogger - Copying 0 resource
2023-12-26 22:22:43,571 [Worker-41: Building] WARN  o.e.m.c.i.embedder.EclipseLogger - Using platform encoding (Cp1252 actually) to copy filtered resources, i.e. build is platform dependent!
2023-12-26 22:22:43,573 [Worker-41: Building] INFO  o.e.m.c.i.embedder.EclipseLogger - Copying 0 resource
2023-12-26 22:22:59,955 [Worker-42: Building] INFO  o.e.m.c.i.l.LifecycleMappingFactory - Using org.eclipse.m2e.jdt.JarLifecycleMapping lifecycle mapping for MavenProject: com.raviit:Standlone-APP:0.0.1-SNAPSHOT @ D:\First-Maven-Application\Standlone-APP\pom.xml.
2023-12-26 22:23:00,248 [Worker-42: Building] WARN  o.e.m.c.i.embedder.EclipseLogger - Using platform encoding (Cp1252 actually) to copy filtered resources, i.e. build is platform dependent!
2023-12-26 22:23:00,251 [Worker-42: Building] INFO  o.e.m.c.i.embedder.EclipseLogger - Copying 0 resource
2023-12-26 22:23:00,254 [Worker-42: Building] WARN  o.e.m.c.i.embedder.EclipseLogger - Using platform encoding (Cp1252 actually) to copy filtered resources, i.e. build is platform dependent!
2023-12-26 22:23:00,256 [Worker-42: Building] INFO  o.e.m.c.i.embedder.EclipseLogger - Copying 0 resource
2023-12-26 22:23:16,139 [Worker-39: Updating Maven Project] INFO  o.e.m.c.i.p.ProjectConfigurationManager - Update started
2023-12-26 22:23:16,798 [Worker-39: Updating Maven Project] INFO  o.e.m.c.i.l.LifecycleMappingFactory - Using org.eclipse.m2e.jdt.JarLifecycleMapping lifecycle mapping for MavenProject: com.raviit:Standlone-APP:0.0.1-SNAPSHOT @ D:\First-Maven-Application\Standlone-APP\pom.xml.
2023-12-26 22:23:17,134 [Worker-39: Updating Maven Project] INFO  o.e.m.j.i.AbstractJavaProjectConfigurator - Adding source folder /Standlone-APP/src/main/java
2023-12-26 22:23:17,135 [Worker-39: Updating Maven Project] INFO  o.e.m.j.i.AbstractJavaProjectConfigurator - Adding resource folder /Standlone-APP/src/main/resources
2023-12-26 22:23:17,136 [Worker-39: Updating Maven Project] INFO  o.e.m.j.i.AbstractJavaProjectConfigurator - Adding source folder /Standlone-APP/src/test/java
2023-12-26 22:23:17,136 [Worker-39: Updating Maven Project] INFO  o.e.m.j.i.AbstractJavaProjectConfigurator - Adding resource folder /Standlone-APP/src/test/resources
2023-12-26 22:23:17,252 [Worker-39: Updating Maven Project] INFO  o.e.m.c.i.p.ProjectConfigurationManager - Update completed: 1 sec
2023-12-26 22:23:17,444 [Worker-39: Building] WARN  o.e.m.c.i.embedder.EclipseLogger - Using platform encoding (Cp1252 actually) to copy filtered resources, i.e. build is platform dependent!
2023-12-26 22:23:17,446 [Worker-39: Building] INFO  o.e.m.c.i.embedder.EclipseLogger - Copying 0 resource
2023-12-26 22:23:17,448 [Worker-39: Building] WARN  o.e.m.c.i.embedder.EclipseLogger - Using platform encoding (Cp1252 actually) to copy filtered resources, i.e. build is platform dependent!
2023-12-26 22:23:17,449 [Worker-39: Building] INFO  o.e.m.c.i.embedder.EclipseLogger - Copying 0 resource
2023-12-26 22:23:23,356 [main] INFO  o.e.m2e.actions.ExecutePomAction - Creating new launch configuration
2023-12-26 22:23:35,099 [Worker-39: Launching Standlone-APP (7)] INFO  o.e.m.i.launch.MavenLaunchDelegate - D:\First-Maven-Application\Standlone-APP
2023-12-26 22:23:35,099 [Worker-39: Launching Standlone-APP (7)] INFO  o.e.m.i.launch.MavenLaunchDelegate -  mvn -B clean package
2023-12-26 22:24:01,116 [Worker-35: Updating Maven Project] INFO  o.e.m.c.i.p.ProjectConfigurationManager - Update started
2023-12-26 22:24:01,786 [Worker-35: Updating Maven Project] INFO  o.e.m.c.i.l.LifecycleMappingFactory - Using org.eclipse.m2e.jdt.JarLifecycleMapping lifecycle mapping for MavenProject: com.raviit:Standlone-APP:0.0.1-SNAPSHOT @ D:\First-Maven-Application\Standlone-APP\pom.xml.
2023-12-26 22:24:02,478 [Worker-35: Updating Maven Project] INFO  o.e.m.j.i.AbstractJavaProjectConfigurator - Adding source folder /Standlone-APP/src/main/java
2023-12-26 22:24:02,479 [Worker-35: Updating Maven Project] INFO  o.e.m.j.i.AbstractJavaProjectConfigurator - Adding resource folder /Standlone-APP/src/main/resources
2023-12-26 22:24:02,480 [Worker-35: Updating Maven Project] INFO  o.e.m.j.i.AbstractJavaProjectConfigurator - Adding source folder /Standlone-APP/src/test/java
2023-12-26 22:24:02,480 [Worker-35: Updating Maven Project] INFO  o.e.m.j.i.AbstractJavaProjectConfigurator - Adding resource folder /Standlone-APP/src/test/resources
2023-12-26 22:24:02,553 [Worker-35: Updating Maven Project] INFO  o.e.m.c.i.p.ProjectConfigurationManager - Update completed: 1 sec
2023-12-26 22:24:02,754 [Worker-39: Building] WARN  o.e.m.c.i.embedder.EclipseLogger - Using platform encoding (Cp1252 actually) to copy filtered resources, i.e. build is platform dependent!
2023-12-26 22:24:02,756 [Worker-39: Building] INFO  o.e.m.c.i.embedder.EclipseLogger - Copying 0 resource
2023-12-26 22:24:02,759 [Worker-39: Building] WARN  o.e.m.c.i.embedder.EclipseLogger - Using platform encoding (Cp1252 actually) to copy filtered resources, i.e. build is platform dependent!
2023-12-26 22:24:02,761 [Worker-39: Building] INFO  o.e.m.c.i.embedder.EclipseLogger - Copying 0 resource
2023-12-26 22:24:09,741 [main] INFO  o.e.m2e.actions.ExecutePomAction - Creating new launch configuration
2023-12-26 22:24:14,431 [Worker-42: Launching Standlone-APP (8)] INFO  o.e.m.i.launch.MavenLaunchDelegate - D:\First-Maven-Application\Standlone-APP
2023-12-26 22:24:14,431 [Worker-42: Launching Standlone-APP (8)] INFO  o.e.m.i.launch.MavenLaunchDelegate -  mvn -B package
2023-12-26 22:24:34,762 [Worker-36: Building] WARN  o.e.m.c.i.embedder.EclipseLogger - Using platform encoding (Cp1252 actually) to copy filtered resources, i.e. build is platform dependent!
2023-12-26 22:24:34,765 [Worker-36: Building] INFO  o.e.m.c.i.embedder.EclipseLogger - Copying 0 resource
2023-12-26 22:24:34,766 [Worker-36: Building] WARN  o.e.m.c.i.embedder.EclipseLogger - Using platform encoding (Cp1252 actually) to copy filtered resources, i.e. build is platform dependent!
2023-12-26 22:24:34,768 [Worker-36: Building] INFO  o.e.m.c.i.embedder.EclipseLogger - Copying 0 resource
2023-12-26 22:25:53,965 [main] INFO  o.e.m2e.actions.ExecutePomAction - Creating new launch configuration
2023-12-26 22:26:00,606 [Worker-42: Launching Standlone-APP (9)] INFO  o.e.m.i.launch.MavenLaunchDelegate - D:\First-Maven-Application\Standlone-APP
2023-12-26 22:26:00,606 [Worker-42: Launching Standlone-APP (9)] INFO  o.e.m.i.launch.MavenLaunchDelegate -  mvn -B clean install
2023-12-26 22:26:18,866 [Worker-39: Building] WARN  o.e.m.c.i.embedder.EclipseLogger - Using platform encoding (Cp1252 actually) to copy filtered resources, i.e. build is platform dependent!
2023-12-26 22:26:18,868 [Worker-39: Building] INFO  o.e.m.c.i.embedder.EclipseLogger - Copying 0 resource
2023-12-26 22:26:18,871 [Worker-39: Building] WARN  o.e.m.c.i.embedder.EclipseLogger - Using platform encoding (Cp1252 actually) to copy filtered resources, i.e. build is platform dependent!
2023-12-26 22:26:18,873 [Worker-39: Building] INFO  o.e.m.c.i.embedder.EclipseLogger - Copying 0 resource
2023-12-26 22:26:26,626 [Worker-35: Updating Maven Project] INFO  o.e.m.c.i.p.ProjectConfigurationManager - Update started
2023-12-26 22:26:27,342 [Worker-35: Updating Maven Project] INFO  o.e.m.c.i.l.LifecycleMappingFactory - Using org.eclipse.m2e.jdt.JarLifecycleMapping lifecycle mapping for MavenProject: com.raviit:Standlone-APP:0.0.1-SNAPSHOT @ D:\First-Maven-Application\Standlone-APP\pom.xml.
2023-12-26 22:26:27,815 [Worker-35: Updating Maven Project] INFO  o.e.m.j.i.AbstractJavaProjectConfigurator - Adding source folder /Standlone-APP/src/main/java
2023-12-26 22:26:27,816 [Worker-35: Updating Maven Project] INFO  o.e.m.j.i.AbstractJavaProjectConfigurator - Adding resource folder /Standlone-APP/src/main/resources
2023-12-26 22:26:27,817 [Worker-35: Updating Maven Project] INFO  o.e.m.j.i.AbstractJavaProjectConfigurator - Adding source folder /Standlone-APP/src/test/java
2023-12-26 22:26:27,817 [Worker-35: Updating Maven Project] INFO  o.e.m.j.i.AbstractJavaProjectConfigurator - Adding resource folder /Standlone-APP/src/test/resources
2023-12-26 22:26:27,916 [Worker-35: Updating Maven Project] INFO  o.e.m.c.i.p.ProjectConfigurationManager - Update completed: 1 sec
2023-12-26 22:26:28,124 [Worker-42: Building] WARN  o.e.m.c.i.embedder.EclipseLogger - Using platform encoding (Cp1252 actually) to copy filtered resources, i.e. build is platform dependent!
2023-12-26 22:26:28,126 [Worker-42: Building] INFO  o.e.m.c.i.embedder.EclipseLogger - Copying 0 resource
2023-12-26 22:26:28,129 [Worker-42: Building] WARN  o.e.m.c.i.embedder.EclipseLogger - Using platform encoding (Cp1252 actually) to copy filtered resources, i.e. build is platform dependent!
2023-12-26 22:26:28,131 [Worker-42: Building] INFO  o.e.m.c.i.embedder.EclipseLogger - Copying 0 resource
2023-12-26 22:26:35,881 [Worker-45: Launching Executing install in D__First-Maven-Application_Standlone-APP] INFO  o.e.m.i.launch.MavenLaunchDelegate - D:\First-Maven-Application\Standlone-APP
2023-12-26 22:26:35,881 [Worker-45: Launching Executing install in D__First-Maven-Application_Standlone-APP] INFO  o.e.m.i.launch.MavenLaunchDelegate -  mvn -B install
2023-12-26 22:26:43,386 [Worker-44: Building] WARN  o.e.m.c.i.embedder.EclipseLogger - Using platform encoding (Cp1252 actually) to copy filtered resources, i.e. build is platform dependent!
2023-12-26 22:26:43,389 [Worker-44: Building] INFO  o.e.m.c.i.embedder.EclipseLogger - Copying 0 resource
2023-12-26 22:26:43,391 [Worker-44: Building] WARN  o.e.m.c.i.embedder.EclipseLogger - Using platform encoding (Cp1252 actually) to copy filtered resources, i.e. build is platform dependent!
2023-12-26 22:26:43,393 [Worker-44: Building] INFO  o.e.m.c.i.embedder.EclipseLogger - Copying 0 resource
2023-12-26 22:29:47,678 [Worker-39: Creating project "Standlone-Main-App"] INFO  o.e.m.c.i.l.LifecycleMappingFactory - Using org.eclipse.m2e.jdt.JarLifecycleMapping lifecycle mapping for MavenProject: com.oracle:Standlone-Main-App:0.0.1-SNAPSHOT @ D:\First-Maven-Application\Standlone-Main-App\pom.xml.
2023-12-26 22:29:47,931 [Worker-39: Creating project "Standlone-Main-App"] INFO  o.e.m.j.i.AbstractJavaProjectConfigurator - Adding source folder /Standlone-Main-App/src/main/java
2023-12-26 22:29:47,932 [Worker-39: Creating project "Standlone-Main-App"] INFO  o.e.m.j.i.AbstractJavaProjectConfigurator - Adding resource folder /Standlone-Main-App/src/main/resources
2023-12-26 22:29:47,933 [Worker-39: Creating project "Standlone-Main-App"] INFO  o.e.m.j.i.AbstractJavaProjectConfigurator - Adding source folder /Standlone-Main-App/src/test/java
2023-12-26 22:29:47,933 [Worker-39: Creating project "Standlone-Main-App"] INFO  o.e.m.j.i.AbstractJavaProjectConfigurator - Adding resource folder /Standlone-Main-App/src/test/resources
2023-12-26 22:29:48,255 [Worker-46: Building] WARN  o.e.m.c.i.embedder.EclipseLogger - Using platform encoding (Cp1252 actually) to copy filtered resources, i.e. build is platform dependent!
2023-12-26 22:29:48,258 [Worker-46: Building] INFO  o.e.m.c.i.embedder.EclipseLogger - Copying 0 resource
2023-12-26 22:29:48,260 [Worker-46: Building] WARN  o.e.m.c.i.embedder.EclipseLogger - Using platform encoding (Cp1252 actually) to copy filtered resources, i.e. build is platform dependent!
2023-12-26 22:29:48,263 [Worker-46: Building] INFO  o.e.m.c.i.embedder.EclipseLogger - Copying 0 resource
2023-12-26 22:32:08,064 [Worker-50: Building] INFO  o.e.m.c.i.l.LifecycleMappingFactory - Using org.eclipse.m2e.jdt.JarLifecycleMapping lifecycle mapping for MavenProject: com.oracle:Standlone-Main-App:0.0.1-SNAPSHOT @ D:\First-Maven-Application\Standlone-Main-App\pom.xml.
2023-12-26 22:32:08,082 [Worker-50: Building] INFO  o.e.m.c.i.p.WorkspaceClassifierResolverManager - Resolving P/Standlone-APP: com.raviit:Standlone-APP:0.0.1-SNAPSHOT with classifier  to /Standlone-APP/target/classes
2023-12-26 22:32:08,258 [Worker-50: Building] WARN  o.e.m.c.i.embedder.EclipseLogger - Using platform encoding (Cp1252 actually) to copy filtered resources, i.e. build is platform dependent!
2023-12-26 22:32:08,260 [Worker-50: Building] INFO  o.e.m.c.i.embedder.EclipseLogger - Copying 0 resource
2023-12-26 22:32:08,262 [Worker-50: Building] WARN  o.e.m.c.i.embedder.EclipseLogger - Using platform encoding (Cp1252 actually) to copy filtered resources, i.e. build is platform dependent!
2023-12-26 22:32:08,264 [Worker-50: Building] INFO  o.e.m.c.i.embedder.EclipseLogger - Copying 0 resource
2023-12-26 22:32:09,475 [Worker-50: Building] INFO  o.e.m.c.i.p.WorkspaceClassifierResolverManager - Resolving P/Standlone-APP: com.raviit:Standlone-APP:0.0.1-SNAPSHOT with classifier  to /Standlone-APP/target/classes
2023-12-26 22:32:09,480 [Worker-50: Building] WARN  o.e.m.c.i.embedder.EclipseLogger - Using platform encoding (Cp1252 actually) to copy filtered resources, i.e. build is platform dependent!
2023-12-26 22:32:09,483 [Worker-50: Building] INFO  o.e.m.c.i.embedder.EclipseLogger - Copying 0 resource
2023-12-26 22:32:09,486 [Worker-50: Building] WARN  o.e.m.c.i.embedder.EclipseLogger - Using platform encoding (Cp1252 actually) to copy filtered resources, i.e. build is platform dependent!
2023-12-26 22:32:09,489 [Worker-50: Building] INFO  o.e.m.c.i.embedder.EclipseLogger - Copying 0 resource
2023-12-26 22:32:36,071 [Worker-44: Building] WARN  o.e.m.c.i.embedder.EclipseLogger - Using platform encoding (Cp1252 actually) to copy filtered resources, i.e. build is platform dependent!
2023-12-26 22:32:36,073 [Worker-44: Building] INFO  o.e.m.c.i.embedder.EclipseLogger - Copying 0 resource
2023-12-26 22:32:36,076 [Worker-44: Building] WARN  o.e.m.c.i.embedder.EclipseLogger - Using platform encoding (Cp1252 actually) to copy filtered resources, i.e. build is platform dependent!
2023-12-26 22:32:36,078 [Worker-44: Building] INFO  o.e.m.c.i.embedder.EclipseLogger - Copying 0 resource
2023-12-26 22:32:45,236 [Worker-49: Building] WARN  o.e.m.c.i.embedder.EclipseLogger - Using platform encoding (Cp1252 actually) to copy filtered resources, i.e. build is platform dependent!
2023-12-26 22:32:45,240 [Worker-49: Building] INFO  o.e.m.c.i.embedder.EclipseLogger - Copying 0 resource
2023-12-26 22:32:45,242 [Worker-49: Building] WARN  o.e.m.c.i.embedder.EclipseLogger - Using platform encoding (Cp1252 actually) to copy filtered resources, i.e. build is platform dependent!
2023-12-26 22:32:45,243 [Worker-49: Building] INFO  o.e.m.c.i.embedder.EclipseLogger - Copying 0 resource
2023-12-26 22:32:53,998 [Worker-48: Building] WARN  o.e.m.c.i.embedder.EclipseLogger - Using platform encoding (Cp1252 actually) to copy filtered resources, i.e. build is platform dependent!
2023-12-26 22:32:54,001 [Worker-48: Building] INFO  o.e.m.c.i.embedder.EclipseLogger - Copying 0 resource
2023-12-26 22:32:54,005 [Worker-48: Building] WARN  o.e.m.c.i.embedder.EclipseLogger - Using platform encoding (Cp1252 actually) to copy filtered resources, i.e. build is platform dependent!
2023-12-26 22:32:54,007 [Worker-48: Building] INFO  o.e.m.c.i.embedder.EclipseLogger - Copying 0 resource
2023-12-26 22:33:54,751 [Worker-48: Building] WARN  o.e.m.c.i.embedder.EclipseLogger - Using platform encoding (Cp1252 actually) to copy filtered resources, i.e. build is platform dependent!
2023-12-26 22:33:54,754 [Worker-48: Building] INFO  o.e.m.c.i.embedder.EclipseLogger - Copying 0 resource
2023-12-26 22:33:54,756 [Worker-48: Building] WARN  o.e.m.c.i.embedder.EclipseLogger - Using platform encoding (Cp1252 actually) to copy filtered resources, i.e. build is platform dependent!
2023-12-26 22:33:54,758 [Worker-48: Building] INFO  o.e.m.c.i.embedder.EclipseLogger - Copying 0 resource
2023-12-26 22:34:05,453 [Worker-50: Launching MainApp] INFO  o.e.m.c.i.p.WorkspaceClassifierResolverManager - Resolving P/Standlone-APP: com.raviit:Standlone-APP:0.0.1-SNAPSHOT with classifier null to /Standlone-APP/target/classes
2023-12-26 22:34:05,474 [Worker-50: Launching MainApp] INFO  o.e.m.c.i.p.WorkspaceClassifierResolverManager - Resolving P/Standlone-APP: com.raviit:Standlone-APP:0.0.1-SNAPSHOT with classifier null to /Standlone-APP/target/classes
2023-12-26 22:34:05,496 [Worker-50: Launching MainApp] INFO  o.e.m.c.i.p.WorkspaceClassifierResolverManager - Resolving P/Standlone-APP: com.raviit:Standlone-APP:0.0.1-SNAPSHOT with classifier null to /Standlone-APP/target/classes
2023-12-26 22:36:20,671 [Worker-46: Creating project "Standlone-App-DB"] INFO  o.e.m.c.i.l.LifecycleMappingFactory - Using org.eclipse.m2e.jdt.JarLifecycleMapping lifecycle mapping for MavenProject: com.db:Standlone-App-DB:0.0.1-SNAPSHOT @ D:\First-Maven-Application\Standlone-App-DB\pom.xml.
2023-12-26 22:36:20,674 [Worker-46: Creating project "Standlone-App-DB"] INFO  o.e.m.c.i.p.WorkspaceClassifierResolverManager - Resolving P/Standlone-APP: com.raviit:Standlone-APP:0.0.1-SNAPSHOT with classifier  to /Standlone-APP/target/classes
2023-12-26 22:36:20,896 [Worker-46: Creating project "Standlone-App-DB"] INFO  o.e.m.j.i.AbstractJavaProjectConfigurator - Adding resource folder /Standlone-App-DB/src/main/resources
2023-12-26 22:36:20,897 [Worker-46: Creating project "Standlone-App-DB"] INFO  o.e.m.j.i.AbstractJavaProjectConfigurator - Adding resource folder /Standlone-App-DB/src/test/resources
2023-12-26 22:36:27,446 [Worker-47: reload maven project] ERROR o.e.m2e.editor.pom.MavenPomEditor - failed to load maven project for org.eclipse.ui.part.FileEditorInput(/Standlone-App-DB/pom.xml)
org.eclipse.core.runtime.CoreException: Could not read maven project
	at org.eclipse.m2e.core.internal.project.registry.ProjectRegistryManager.readProjectWithDependencies(ProjectRegistryManager.java:850)
	at org.eclipse.m2e.core.internal.project.registry.ProjectRegistryManager.lambda$22(ProjectRegistryManager.java:1069)
	at com.google.common.cache.LocalCache$LocalManualCache$1.load(LocalCache.java:4878)
	at com.google.common.cache.LocalCache$LoadingValueReference.loadFuture(LocalCache.java:3529)
	at com.google.common.cache.LocalCache$Segment.loadSync(LocalCache.java:2278)
	at com.google.common.cache.LocalCache$Segment.lockedGetOrLoad(LocalCache.java:2155)
	at com.google.common.cache.LocalCache$Segment.get(LocalCache.java:2045)
	at com.google.common.cache.LocalCache.get(LocalCache.java:3953)
	at com.google.common.cache.LocalCache$LocalManualCache.get(LocalCache.java:4873)
	at org.eclipse.m2e.core.internal.project.registry.ProjectRegistryManager.getMavenProject(ProjectRegistryManager.java:1068)
	at org.eclipse.m2e.core.internal.project.registry.MavenProjectFacade.getMavenProject(MavenProjectFacade.java:243)
	at org.eclipse.m2e.core.ui.internal.actions.SelectionUtil.getMavenProject(SelectionUtil.java:261)
	at org.eclipse.m2e.editor.pom.MavenPomEditor.readMavenProject(MavenPomEditor.java:634)
	at org.eclipse.m2e.editor.pom.MavenPomEditor$3.run(MavenPomEditor.java:938)
	at org.eclipse.core.internal.jobs.Worker.run(Worker.java:63)
2023-12-26 22:36:43,855 [Worker-48: Updating Maven Project] INFO  o.e.m.c.i.p.ProjectConfigurationManager - Update started
2023-12-26 22:36:44,742 [Worker-48: Updating Maven Project] INFO  o.e.m.c.i.l.LifecycleMappingFactory - Using org.eclipse.m2e.jdt.JarLifecycleMapping lifecycle mapping for MavenProject: com.db:Standlone-App-DB:0.0.1-SNAPSHOT @ D:\First-Maven-Application\Standlone-App-DB\pom.xml.
2023-12-26 22:36:44,746 [Worker-48: Updating Maven Project] INFO  o.e.m.c.i.p.WorkspaceClassifierResolverManager - Resolving P/Standlone-APP: com.raviit:Standlone-APP:0.0.1-SNAPSHOT with classifier  to /Standlone-APP/target/classes
2023-12-26 22:36:44,832 [Worker-48: Updating Maven Project] INFO  o.e.m.c.i.l.LifecycleMappingFactory - Using org.eclipse.m2e.jdt.JarLifecycleMapping lifecycle mapping for MavenProject: com.oracle:Standlone-Main-App:0.0.1-SNAPSHOT @ D:\First-Maven-Application\Standlone-Main-App\pom.xml.
2023-12-26 22:36:44,833 [Worker-48: Updating Maven Project] INFO  o.e.m.c.i.p.WorkspaceClassifierResolverManager - Resolving P/Standlone-APP: com.raviit:Standlone-APP:0.0.1-SNAPSHOT with classifier  to /Standlone-APP/target/classes
2023-12-26 22:36:44,911 [Worker-48: Updating Maven Project] INFO  o.e.m.c.i.l.LifecycleMappingFactory - Using org.eclipse.m2e.jdt.JarLifecycleMapping lifecycle mapping for MavenProject: com.raviit:Standlone-APP:0.0.1-SNAPSHOT @ D:\First-Maven-Application\Standlone-APP\pom.xml.
2023-12-26 22:36:45,900 [Worker-48: Updating Maven Project] INFO  o.e.m.j.i.AbstractJavaProjectConfigurator - Adding resource folder /Standlone-App-DB/src/main/resources
2023-12-26 22:36:45,900 [Worker-48: Updating Maven Project] INFO  o.e.m.j.i.AbstractJavaProjectConfigurator - Adding resource folder /Standlone-App-DB/src/test/resources
2023-12-26 22:36:45,969 [Worker-48: Updating Maven Project] INFO  o.e.m.c.i.p.ProjectConfigurationManager - Update completed: 2 sec
2023-12-26 22:36:46,095 [Worker-46: Building] WARN  o.e.m.c.i.embedder.EclipseLogger - Using platform encoding (Cp1252 actually) to copy filtered resources, i.e. build is platform dependent!
2023-12-26 22:36:46,099 [Worker-46: Building] INFO  o.e.m.c.i.embedder.EclipseLogger - Copying 0 resource
2023-12-26 22:36:46,101 [Worker-46: Building] WARN  o.e.m.c.i.embedder.EclipseLogger - Using platform encoding (Cp1252 actually) to copy filtered resources, i.e. build is platform dependent!
2023-12-26 22:36:46,103 [Worker-46: Building] INFO  o.e.m.c.i.embedder.EclipseLogger - Copying 0 resource
2023-12-26 22:36:46,130 [Worker-46: Building] INFO  o.e.m.c.i.p.WorkspaceClassifierResolverManager - Resolving P/Standlone-APP: com.raviit:Standlone-APP:0.0.1-SNAPSHOT with classifier  to /Standlone-APP/target/classes
2023-12-26 22:36:46,135 [Worker-46: Building] WARN  o.e.m.c.i.embedder.EclipseLogger - Using platform encoding (Cp1252 actually) to copy filtered resources, i.e. build is platform dependent!
2023-12-26 22:36:46,137 [Worker-46: Building] INFO  o.e.m.c.i.embedder.EclipseLogger - Copying 0 resource
2023-12-26 22:36:46,139 [Worker-46: Building] WARN  o.e.m.c.i.embedder.EclipseLogger - Using platform encoding (Cp1252 actually) to copy filtered resources, i.e. build is platform dependent!
2023-12-26 22:36:46,141 [Worker-46: Building] INFO  o.e.m.c.i.embedder.EclipseLogger - Copying 0 resource
2023-12-26 22:39:27,706 [Worker-48: Creating project "Standlone-APP-Db"] INFO  o.e.m.c.i.l.LifecycleMappingFactory - Using NULL lifecycle mapping for MavenProject: com.db:Standlone-APP-Db:0.0.1-SNAPSHOT @ D:\First-Maven-Application\Standlone-APP-Db\pom.xml.
2023-12-26 22:39:27,710 [Worker-48: Creating project "Standlone-APP-Db"] INFO  o.e.m.c.i.p.WorkspaceClassifierResolverManager - Resolving P/Standlone-APP: com.raviit:Standlone-APP:0.0.1-SNAPSHOT with classifier  to /Standlone-APP/target/classes
2023-12-26 22:39:42,678 [Worker-54: Updating Maven Project] INFO  o.e.m.c.i.p.ProjectConfigurationManager - Update started
2023-12-26 22:39:42,716 [Worker-54: Updating Maven Project] INFO  o.e.m.c.i.l.LifecycleMappingFactory - Using NULL lifecycle mapping for MavenProject: com.db:Standlone-APP-Db:0.0.1-SNAPSHOT @ D:\First-Maven-Application\Standlone-APP-Db\pom.xml.
2023-12-26 22:39:42,720 [Worker-54: Updating Maven Project] INFO  o.e.m.c.i.p.WorkspaceClassifierResolverManager - Resolving P/Standlone-APP: com.raviit:Standlone-APP:0.0.1-SNAPSHOT with classifier  to /Standlone-APP/target/classes
2023-12-26 22:39:42,869 [Worker-54: Updating Maven Project] INFO  o.e.m.c.i.p.ProjectConfigurationManager - Update completed: 0 sec
2023-12-26 22:39:51,875 [Worker-52: reload maven project] ERROR o.e.m2e.editor.pom.MavenPomEditor - failed to load maven project for org.eclipse.ui.part.FileEditorInput(/Standlone-APP-Db/pom.xml)
org.eclipse.core.runtime.CoreException: Could not read maven project
	at org.eclipse.m2e.core.internal.project.registry.ProjectRegistryManager.readProjectWithDependencies(ProjectRegistryManager.java:850)
	at org.eclipse.m2e.core.internal.project.registry.ProjectRegistryManager.lambda$22(ProjectRegistryManager.java:1069)
	at com.google.common.cache.LocalCache$LocalManualCache$1.load(LocalCache.java:4878)
	at com.google.common.cache.LocalCache$LoadingValueReference.loadFuture(LocalCache.java:3529)
	at com.google.common.cache.LocalCache$Segment.loadSync(LocalCache.java:2278)
	at com.google.common.cache.LocalCache$Segment.lockedGetOrLoad(LocalCache.java:2155)
	at com.google.common.cache.LocalCache$Segment.get(LocalCache.java:2045)
	at com.google.common.cache.LocalCache.get(LocalCache.java:3953)
	at com.google.common.cache.LocalCache$LocalManualCache.get(LocalCache.java:4873)
	at org.eclipse.m2e.core.internal.project.registry.ProjectRegistryManager.getMavenProject(ProjectRegistryManager.java:1068)
	at org.eclipse.m2e.core.internal.project.registry.MavenProjectFacade.getMavenProject(MavenProjectFacade.java:243)
	at org.eclipse.m2e.core.ui.internal.actions.SelectionUtil.getMavenProject(SelectionUtil.java:261)
	at org.eclipse.m2e.editor.pom.MavenPomEditor.readMavenProject(MavenPomEditor.java:634)
	at org.eclipse.m2e.editor.pom.MavenPomEditor$3.run(MavenPomEditor.java:938)
	at org.eclipse.core.internal.jobs.Worker.run(Worker.java:63)
2023-12-26 22:42:05,355 [Worker-54: Creating project "Standlone-MultiModule-APP"] INFO  o.e.m.c.i.l.LifecycleMappingFactory - Using NULL lifecycle mapping for MavenProject: com.multimodule:Standlone-MultiModule-APP:0.0.1-SNAPSHOT @ D:\First-Maven-Application\Standlone-MultiModule-APP\pom.xml.
2023-12-26 22:43:34,771 [Worker-52: Creating project "Standlone-MultiModule-Child"] INFO  o.e.m.c.i.l.LifecycleMappingFactory - Using org.eclipse.m2e.jdt.JarLifecycleMapping lifecycle mapping for MavenProject: com.customers:Standlone-MultiModule-Child:0.0.1-SNAPSHOT @ D:\First-Maven-Application\Standlone-MultiModule-Child\pom.xml.
2023-12-26 22:43:35,652 [Worker-52: Creating project "Standlone-MultiModule-Child"] INFO  o.e.m.j.i.AbstractJavaProjectConfigurator - Adding source folder /Standlone-MultiModule-Child/src/main/java
2023-12-26 22:43:35,653 [Worker-52: Creating project "Standlone-MultiModule-Child"] INFO  o.e.m.j.i.AbstractJavaProjectConfigurator - Adding resource folder /Standlone-MultiModule-Child/src/main/resources
2023-12-26 22:43:35,654 [Worker-52: Creating project "Standlone-MultiModule-Child"] INFO  o.e.m.j.i.AbstractJavaProjectConfigurator - Adding source folder /Standlone-MultiModule-Child/src/test/java
2023-12-26 22:43:35,655 [Worker-52: Creating project "Standlone-MultiModule-Child"] INFO  o.e.m.j.i.AbstractJavaProjectConfigurator - Adding resource folder /Standlone-MultiModule-Child/src/test/resources
2023-12-26 22:43:35,980 [Worker-54: Building] WARN  o.e.m.c.i.embedder.EclipseLogger - Using platform encoding (Cp1252 actually) to copy filtered resources, i.e. build is platform dependent!
2023-12-26 22:43:35,982 [Worker-54: Building] INFO  o.e.m.c.i.embedder.EclipseLogger - Copying 0 resource
2023-12-26 22:43:35,983 [Worker-54: Building] WARN  o.e.m.c.i.embedder.EclipseLogger - Using platform encoding (Cp1252 actually) to copy filtered resources, i.e. build is platform dependent!
2023-12-26 22:43:35,985 [Worker-54: Building] INFO  o.e.m.c.i.embedder.EclipseLogger - Copying 0 resource
2023-12-26 22:46:40,063 [Worker-59: Creating project "Flipcart-MultiModule-App"] INFO  o.e.m.c.i.l.LifecycleMappingFactory - Using NULL lifecycle mapping for MavenProject: com.flipcart:Flipcart-MultiModule-App:0.0.1-SNAPSHOT @ D:\First-Maven-Application\Flipcart-MultiModule-App\pom.xml.
2023-12-26 22:47:16,073 [Worker-54: Creating project "catelog"] INFO  o.e.m.c.i.l.LifecycleMappingFactory - Using org.eclipse.m2e.jdt.JarLifecycleMapping lifecycle mapping for MavenProject: com.flipcart:catelog:0.0.1-SNAPSHOT @ D:\First-Maven-Application\Flipcart-MultiModule-App\catelog\pom.xml.
2023-12-26 22:47:16,671 [Worker-54: Creating project "catelog"] INFO  o.e.m.j.i.AbstractJavaProjectConfigurator - Adding source folder /catelog/src/main/java
2023-12-26 22:47:16,671 [Worker-54: Creating project "catelog"] INFO  o.e.m.j.i.AbstractJavaProjectConfigurator - Adding resource folder /catelog/src/main/resources
2023-12-26 22:47:16,672 [Worker-54: Creating project "catelog"] INFO  o.e.m.j.i.AbstractJavaProjectConfigurator - Adding source folder /catelog/src/test/java
2023-12-26 22:47:16,672 [Worker-54: Creating project "catelog"] INFO  o.e.m.j.i.AbstractJavaProjectConfigurator - Adding resource folder /catelog/src/test/resources
2023-12-26 22:47:17,087 [Worker-60: Building] WARN  o.e.m.c.i.embedder.EclipseLogger - Using platform encoding (Cp1252 actually) to copy filtered resources, i.e. build is platform dependent!
2023-12-26 22:47:17,089 [Worker-60: Building] INFO  o.e.m.c.i.embedder.EclipseLogger - Copying 0 resource
2023-12-26 22:47:17,091 [Worker-60: Building] WARN  o.e.m.c.i.embedder.EclipseLogger - Using platform encoding (Cp1252 actually) to copy filtered resources, i.e. build is platform dependent!
2023-12-26 22:47:17,094 [Worker-60: Building] INFO  o.e.m.c.i.embedder.EclipseLogger - Copying 0 resource
2023-12-26 22:47:18,311 [Worker-62: Building] INFO  o.e.m.c.i.l.LifecycleMappingFactory - Using org.eclipse.m2e.jdt.JarLifecycleMapping lifecycle mapping for MavenProject: com.flipcart:catelog:0.0.1-SNAPSHOT @ D:\First-Maven-Application\Flipcart-MultiModule-App\catelog\pom.xml.
2023-12-26 22:47:18,316 [Worker-62: Building] INFO  o.e.m.c.i.l.LifecycleMappingFactory - Using NULL lifecycle mapping for MavenProject: com.flipcart:Flipcart-MultiModule-App:0.0.1-SNAPSHOT @ D:\First-Maven-Application\Flipcart-MultiModule-App\pom.xml.
2023-12-26 22:47:18,713 [Worker-56: Building] WARN  o.e.m.c.i.embedder.EclipseLogger - Using platform encoding (Cp1252 actually) to copy filtered resources, i.e. build is platform dependent!
2023-12-26 22:47:18,715 [Worker-56: Building] INFO  o.e.m.c.i.embedder.EclipseLogger - Copying 0 resource
2023-12-26 22:47:18,717 [Worker-56: Building] WARN  o.e.m.c.i.embedder.EclipseLogger - Using platform encoding (Cp1252 actually) to copy filtered resources, i.e. build is platform dependent!
2023-12-26 22:47:18,719 [Worker-56: Building] INFO  o.e.m.c.i.embedder.EclipseLogger - Copying 0 resource
2023-12-26 22:48:20,524 [Worker-59: Creating project "Cart"] INFO  o.e.m.c.i.l.LifecycleMappingFactory - Using org.eclipse.m2e.jdt.JarLifecycleMapping lifecycle mapping for MavenProject: com.flipcart:Cart:0.0.1-SNAPSHOT @ D:\First-Maven-Application\Flipcart-MultiModule-App\Cart\pom.xml.
2023-12-26 22:48:21,105 [Worker-59: Creating project "Cart"] INFO  o.e.m.j.i.AbstractJavaProjectConfigurator - Adding source folder /Cart/src/main/java
2023-12-26 22:48:21,106 [Worker-59: Creating project "Cart"] INFO  o.e.m.j.i.AbstractJavaProjectConfigurator - Adding resource folder /Cart/src/main/resources
2023-12-26 22:48:21,106 [Worker-59: Creating project "Cart"] INFO  o.e.m.j.i.AbstractJavaProjectConfigurator - Adding source folder /Cart/src/test/java
2023-12-26 22:48:21,107 [Worker-59: Creating project "Cart"] INFO  o.e.m.j.i.AbstractJavaProjectConfigurator - Adding resource folder /Cart/src/test/resources
2023-12-26 22:48:21,435 [Worker-61: Building] WARN  o.e.m.c.i.embedder.EclipseLogger - Using platform encoding (Cp1252 actually) to copy filtered resources, i.e. build is platform dependent!
2023-12-26 22:48:21,438 [Worker-61: Building] INFO  o.e.m.c.i.embedder.EclipseLogger - Copying 0 resource
2023-12-26 22:48:21,441 [Worker-61: Building] WARN  o.e.m.c.i.embedder.EclipseLogger - Using platform encoding (Cp1252 actually) to copy filtered resources, i.e. build is platform dependent!
2023-12-26 22:48:21,444 [Worker-61: Building] INFO  o.e.m.c.i.embedder.EclipseLogger - Copying 0 resource
2023-12-26 22:48:22,629 [Worker-56: Building] INFO  o.e.m.c.i.l.LifecycleMappingFactory - Using org.eclipse.m2e.jdt.JarLifecycleMapping lifecycle mapping for MavenProject: com.flipcart:catelog:0.0.1-SNAPSHOT @ D:\First-Maven-Application\Flipcart-MultiModule-App\catelog\pom.xml.
2023-12-26 22:48:22,706 [Worker-56: Building] INFO  o.e.m.c.i.l.LifecycleMappingFactory - Using org.eclipse.m2e.jdt.JarLifecycleMapping lifecycle mapping for MavenProject: com.flipcart:Cart:0.0.1-SNAPSHOT @ D:\First-Maven-Application\Flipcart-MultiModule-App\Cart\pom.xml.
2023-12-26 22:48:22,709 [Worker-56: Building] INFO  o.e.m.c.i.l.LifecycleMappingFactory - Using NULL lifecycle mapping for MavenProject: com.flipcart:Flipcart-MultiModule-App:0.0.1-SNAPSHOT @ D:\First-Maven-Application\Flipcart-MultiModule-App\pom.xml.
2023-12-26 22:48:23,254 [Worker-54: Building] WARN  o.e.m.c.i.embedder.EclipseLogger - Using platform encoding (Cp1252 actually) to copy filtered resources, i.e. build is platform dependent!
2023-12-26 22:48:23,256 [Worker-54: Building] INFO  o.e.m.c.i.embedder.EclipseLogger - Copying 0 resource
2023-12-26 22:48:23,259 [Worker-54: Building] WARN  o.e.m.c.i.embedder.EclipseLogger - Using platform encoding (Cp1252 actually) to copy filtered resources, i.e. build is platform dependent!
2023-12-26 22:48:23,262 [Worker-54: Building] INFO  o.e.m.c.i.embedder.EclipseLogger - Copying 0 resource
2023-12-26 22:48:23,292 [Worker-54: Building] WARN  o.e.m.c.i.embedder.EclipseLogger - Using platform encoding (Cp1252 actually) to copy filtered resources, i.e. build is platform dependent!
2023-12-26 22:48:23,294 [Worker-54: Building] INFO  o.e.m.c.i.embedder.EclipseLogger - Copying 0 resource
2023-12-26 22:48:23,296 [Worker-54: Building] WARN  o.e.m.c.i.embedder.EclipseLogger - Using platform encoding (Cp1252 actually) to copy filtered resources, i.e. build is platform dependent!
2023-12-26 22:48:23,298 [Worker-54: Building] INFO  o.e.m.c.i.embedder.EclipseLogger - Copying 0 resource
2023-12-26 22:48:41,080 [Worker-62: Creating project "Payment"] INFO  o.e.m.c.i.l.LifecycleMappingFactory - Using org.eclipse.m2e.jdt.JarLifecycleMapping lifecycle mapping for MavenProject: com.flipcart:Payment:0.0.1-SNAPSHOT @ D:\First-Maven-Application\Flipcart-MultiModule-App\Payment\pom.xml.
2023-12-26 22:48:41,640 [Worker-62: Creating project "Payment"] INFO  o.e.m.j.i.AbstractJavaProjectConfigurator - Adding source folder /Payment/src/main/java
2023-12-26 22:48:41,640 [Worker-62: Creating project "Payment"] INFO  o.e.m.j.i.AbstractJavaProjectConfigurator - Adding resource folder /Payment/src/main/resources
2023-12-26 22:48:41,641 [Worker-62: Creating project "Payment"] INFO  o.e.m.j.i.AbstractJavaProjectConfigurator - Adding source folder /Payment/src/test/java
2023-12-26 22:48:41,641 [Worker-62: Creating project "Payment"] INFO  o.e.m.j.i.AbstractJavaProjectConfigurator - Adding resource folder /Payment/src/test/resources
2023-12-26 22:48:42,138 [Worker-60: Building] INFO  o.e.m.c.i.l.LifecycleMappingFactory - Using org.eclipse.m2e.jdt.JarLifecycleMapping lifecycle mapping for MavenProject: com.flipcart:catelog:0.0.1-SNAPSHOT @ D:\First-Maven-Application\Flipcart-MultiModule-App\catelog\pom.xml.
2023-12-26 22:48:42,215 [Worker-60: Building] INFO  o.e.m.c.i.l.LifecycleMappingFactory - Using org.eclipse.m2e.jdt.JarLifecycleMapping lifecycle mapping for MavenProject: com.flipcart:Payment:0.0.1-SNAPSHOT @ D:\First-Maven-Application\Flipcart-MultiModule-App\Payment\pom.xml.
2023-12-26 22:48:42,277 [Worker-60: Building] INFO  o.e.m.c.i.l.LifecycleMappingFactory - Using org.eclipse.m2e.jdt.JarLifecycleMapping lifecycle mapping for MavenProject: com.flipcart:Cart:0.0.1-SNAPSHOT @ D:\First-Maven-Application\Flipcart-MultiModule-App\Cart\pom.xml.
2023-12-26 22:48:42,281 [Worker-60: Building] INFO  o.e.m.c.i.l.LifecycleMappingFactory - Using NULL lifecycle mapping for MavenProject: com.flipcart:Flipcart-MultiModule-App:0.0.1-SNAPSHOT @ D:\First-Maven-Application\Flipcart-MultiModule-App\pom.xml.
2023-12-26 22:48:42,977 [Worker-60: Building] WARN  o.e.m.c.i.embedder.EclipseLogger - Using platform encoding (Cp1252 actually) to copy filtered resources, i.e. build is platform dependent!
2023-12-26 22:48:42,979 [Worker-60: Building] INFO  o.e.m.c.i.embedder.EclipseLogger - Copying 0 resource
2023-12-26 22:48:42,981 [Worker-60: Building] WARN  o.e.m.c.i.embedder.EclipseLogger - Using platform encoding (Cp1252 actually) to copy filtered resources, i.e. build is platform dependent!
2023-12-26 22:48:42,984 [Worker-60: Building] INFO  o.e.m.c.i.embedder.EclipseLogger - Copying 0 resource
2023-12-26 22:48:43,013 [Worker-60: Building] WARN  o.e.m.c.i.embedder.EclipseLogger - Using platform encoding (Cp1252 actually) to copy filtered resources, i.e. build is platform dependent!
2023-12-26 22:48:43,015 [Worker-60: Building] INFO  o.e.m.c.i.embedder.EclipseLogger - Copying 0 resource
2023-12-26 22:48:43,017 [Worker-60: Building] WARN  o.e.m.c.i.embedder.EclipseLogger - Using platform encoding (Cp1252 actually) to copy filtered resources, i.e. build is platform dependent!
2023-12-26 22:48:43,019 [Worker-60: Building] INFO  o.e.m.c.i.embedder.EclipseLogger - Copying 0 resource
2023-12-26 22:48:43,475 [Worker-60: Building] WARN  o.e.m.c.i.embedder.EclipseLogger - Using platform encoding (Cp1252 actually) to copy filtered resources, i.e. build is platform dependent!
2023-12-26 22:48:43,477 [Worker-60: Building] INFO  o.e.m.c.i.embedder.EclipseLogger - Copying 0 resource
2023-12-26 22:48:43,478 [Worker-60: Building] WARN  o.e.m.c.i.embedder.EclipseLogger - Using platform encoding (Cp1252 actually) to copy filtered resources, i.e. build is platform dependent!
2023-12-26 22:48:43,480 [Worker-60: Building] INFO  o.e.m.c.i.embedder.EclipseLogger - Copying 0 resource
2023-12-26 22:49:27,008 [main] INFO  o.e.m2e.actions.ExecutePomAction - Creating new launch configuration
2023-12-26 22:49:43,804 [Worker-61: Launching Flipcart-MultiModule-App] INFO  o.e.m.i.launch.MavenLaunchDelegate - D:\First-Maven-Application\Flipcart-MultiModule-App
2023-12-26 22:49:43,805 [Worker-61: Launching Flipcart-MultiModule-App] INFO  o.e.m.i.launch.MavenLaunchDelegate -  mvn -B clean compile
2023-12-26 22:50:04,316 [main] INFO  o.e.m2e.actions.ExecutePomAction - Creating new launch configuration
2023-12-26 22:50:12,604 [Worker-62: Launching Flipcart-MultiModule-App (1)] INFO  o.e.m.i.launch.MavenLaunchDelegate - D:\First-Maven-Application\Flipcart-MultiModule-App
2023-12-26 22:50:12,604 [Worker-62: Launching Flipcart-MultiModule-App (1)] INFO  o.e.m.i.launch.MavenLaunchDelegate -  mvn -B clean compile
2023-12-26 22:50:28,394 [Worker-60: Updating Maven Project] INFO  o.e.m.c.i.p.ProjectConfigurationManager - Update started
2023-12-26 22:50:29,025 [Worker-60: Updating Maven Project] INFO  o.e.m.c.i.l.LifecycleMappingFactory - Using org.eclipse.m2e.jdt.JarLifecycleMapping lifecycle mapping for MavenProject: com.flipcart:catelog:0.0.1-SNAPSHOT @ D:\First-Maven-Application\Flipcart-MultiModule-App\catelog\pom.xml.
2023-12-26 22:50:29,118 [Worker-60: Updating Maven Project] INFO  o.e.m.c.i.l.LifecycleMappingFactory - Using org.eclipse.m2e.jdt.JarLifecycleMapping lifecycle mapping for MavenProject: com.flipcart:Payment:0.0.1-SNAPSHOT @ D:\First-Maven-Application\Flipcart-MultiModule-App\Payment\pom.xml.
2023-12-26 22:50:29,202 [Worker-60: Updating Maven Project] INFO  o.e.m.c.i.l.LifecycleMappingFactory - Using org.eclipse.m2e.jdt.JarLifecycleMapping lifecycle mapping for MavenProject: com.flipcart:Cart:0.0.1-SNAPSHOT @ D:\First-Maven-Application\Flipcart-MultiModule-App\Cart\pom.xml.
2023-12-26 22:50:29,207 [Worker-60: Updating Maven Project] INFO  o.e.m.c.i.l.LifecycleMappingFactory - Using NULL lifecycle mapping for MavenProject: com.flipcart:Flipcart-MultiModule-App:0.0.1-SNAPSHOT @ D:\First-Maven-Application\Flipcart-MultiModule-App\pom.xml.
2023-12-26 22:50:30,516 [Worker-60: Updating Maven Project] INFO  o.e.m.j.i.AbstractJavaProjectConfigurator - Adding source folder /Cart/src/main/java
2023-12-26 22:50:30,516 [Worker-60: Updating Maven Project] INFO  o.e.m.j.i.AbstractJavaProjectConfigurator - Adding resource folder /Cart/src/main/resources
2023-12-26 22:50:30,516 [Worker-60: Updating Maven Project] INFO  o.e.m.j.i.AbstractJavaProjectConfigurator - Adding source folder /Cart/src/test/java
2023-12-26 22:50:30,516 [Worker-60: Updating Maven Project] INFO  o.e.m.j.i.AbstractJavaProjectConfigurator - Adding resource folder /Cart/src/test/resources
2023-12-26 22:50:30,539 [Worker-60: Updating Maven Project] INFO  o.e.m.j.i.AbstractJavaProjectConfigurator - Adding source folder /catelog/src/main/java
2023-12-26 22:50:30,539 [Worker-60: Updating Maven Project] INFO  o.e.m.j.i.AbstractJavaProjectConfigurator - Adding resource folder /catelog/src/main/resources
2023-12-26 22:50:30,540 [Worker-60: Updating Maven Project] INFO  o.e.m.j.i.AbstractJavaProjectConfigurator - Adding source folder /catelog/src/test/java
2023-12-26 22:50:30,541 [Worker-60: Updating Maven Project] INFO  o.e.m.j.i.AbstractJavaProjectConfigurator - Adding resource folder /catelog/src/test/resources
2023-12-26 22:50:30,571 [Worker-60: Updating Maven Project] INFO  o.e.m.j.i.AbstractJavaProjectConfigurator - Adding source folder /Payment/src/main/java
2023-12-26 22:50:30,571 [Worker-60: Updating Maven Project] INFO  o.e.m.j.i.AbstractJavaProjectConfigurator - Adding resource folder /Payment/src/main/resources
2023-12-26 22:50:30,572 [Worker-60: Updating Maven Project] INFO  o.e.m.j.i.AbstractJavaProjectConfigurator - Adding source folder /Payment/src/test/java
2023-12-26 22:50:30,572 [Worker-60: Updating Maven Project] INFO  o.e.m.j.i.AbstractJavaProjectConfigurator - Adding resource folder /Payment/src/test/resources
2023-12-26 22:50:30,661 [Worker-60: Updating Maven Project] INFO  o.e.m.c.i.p.ProjectConfigurationManager - Update completed: 2 sec
2023-12-26 22:50:30,799 [Worker-60: Building] WARN  o.e.m.c.i.embedder.EclipseLogger - Using platform encoding (Cp1252 actually) to copy filtered resources, i.e. build is platform dependent!
2023-12-26 22:50:30,801 [Worker-60: Building] INFO  o.e.m.c.i.embedder.EclipseLogger - Copying 0 resource
2023-12-26 22:50:30,803 [Worker-60: Building] WARN  o.e.m.c.i.embedder.EclipseLogger - Using platform encoding (Cp1252 actually) to copy filtered resources, i.e. build is platform dependent!
2023-12-26 22:50:30,805 [Worker-60: Building] INFO  o.e.m.c.i.embedder.EclipseLogger - Copying 0 resource
2023-12-26 22:50:30,855 [Worker-60: Building] WARN  o.e.m.c.i.embedder.EclipseLogger - Using platform encoding (Cp1252 actually) to copy filtered resources, i.e. build is platform dependent!
2023-12-26 22:50:30,858 [Worker-60: Building] INFO  o.e.m.c.i.embedder.EclipseLogger - Copying 0 resource
2023-12-26 22:50:30,860 [Worker-60: Building] WARN  o.e.m.c.i.embedder.EclipseLogger - Using platform encoding (Cp1252 actually) to copy filtered resources, i.e. build is platform dependent!
2023-12-26 22:50:30,861 [Worker-60: Building] INFO  o.e.m.c.i.embedder.EclipseLogger - Copying 0 resource
2023-12-26 22:50:30,908 [Worker-60: Building] WARN  o.e.m.c.i.embedder.EclipseLogger - Using platform encoding (Cp1252 actually) to copy filtered resources, i.e. build is platform dependent!
2023-12-26 22:50:30,910 [Worker-60: Building] INFO  o.e.m.c.i.embedder.EclipseLogger - Copying 0 resource
2023-12-26 22:50:30,911 [Worker-60: Building] WARN  o.e.m.c.i.embedder.EclipseLogger - Using platform encoding (Cp1252 actually) to copy filtered resources, i.e. build is platform dependent!
2023-12-26 22:50:30,913 [Worker-60: Building] INFO  o.e.m.c.i.embedder.EclipseLogger - Copying 0 resource
2023-12-26 22:50:44,413 [Worker-63: Launching Executing clean in D__First-Maven-Application_Flipcart-MultiModule-App] INFO  o.e.m.i.launch.MavenLaunchDelegate - D:\First-Maven-Application\Flipcart-MultiModule-App
2023-12-26 22:50:44,414 [Worker-63: Launching Executing clean in D__First-Maven-Application_Flipcart-MultiModule-App] INFO  o.e.m.i.launch.MavenLaunchDelegate -  mvn -B clean
2023-12-26 22:50:48,898 [Worker-63: Building] WARN  o.e.m.c.i.embedder.EclipseLogger - Using platform encoding (Cp1252 actually) to copy filtered resources, i.e. build is platform dependent!
2023-12-26 22:50:48,902 [Worker-63: Building] INFO  o.e.m.c.i.embedder.EclipseLogger - Copying 0 resource
2023-12-26 22:50:48,903 [Worker-63: Building] WARN  o.e.m.c.i.embedder.EclipseLogger - Using platform encoding (Cp1252 actually) to copy filtered resources, i.e. build is platform dependent!
2023-12-26 22:50:48,905 [Worker-63: Building] INFO  o.e.m.c.i.embedder.EclipseLogger - Copying 0 resource
2023-12-26 22:50:48,948 [Worker-63: Building] WARN  o.e.m.c.i.embedder.EclipseLogger - Using platform encoding (Cp1252 actually) to copy filtered resources, i.e. build is platform dependent!
2023-12-26 22:50:48,950 [Worker-63: Building] INFO  o.e.m.c.i.embedder.EclipseLogger - Copying 0 resource
2023-12-26 22:50:48,952 [Worker-63: Building] WARN  o.e.m.c.i.embedder.EclipseLogger - Using platform encoding (Cp1252 actually) to copy filtered resources, i.e. build is platform dependent!
2023-12-26 22:50:48,953 [Worker-63: Building] INFO  o.e.m.c.i.embedder.EclipseLogger - Copying 0 resource
2023-12-26 22:50:48,981 [Worker-63: Building] WARN  o.e.m.c.i.embedder.EclipseLogger - Using platform encoding (Cp1252 actually) to copy filtered resources, i.e. build is platform dependent!
2023-12-26 22:50:48,983 [Worker-63: Building] INFO  o.e.m.c.i.embedder.EclipseLogger - Copying 0 resource
2023-12-26 22:50:48,985 [Worker-63: Building] WARN  o.e.m.c.i.embedder.EclipseLogger - Using platform encoding (Cp1252 actually) to copy filtered resources, i.e. build is platform dependent!
2023-12-26 22:50:48,986 [Worker-63: Building] INFO  o.e.m.c.i.embedder.EclipseLogger - Copying 0 resource
2023-12-26 22:50:55,111 [main] INFO  o.e.m2e.actions.ExecutePomAction - Creating new launch configuration
2023-12-26 22:51:05,653 [Worker-63: Launching Flipcart-MultiModule-App (2)] INFO  o.e.m.i.launch.MavenLaunchDelegate - D:\First-Maven-Application\Flipcart-MultiModule-App
2023-12-26 22:51:05,653 [Worker-63: Launching Flipcart-MultiModule-App (2)] INFO  o.e.m.i.launch.MavenLaunchDelegate -  mvn -B compile
2023-12-26 22:51:17,225 [main] INFO  o.e.m2e.actions.ExecutePomAction - Creating new launch configuration
2023-12-26 22:51:24,288 [Worker-63: Launching Flipcart-MultiModule-App (3)] INFO  o.e.m.i.launch.MavenLaunchDelegate - D:\First-Maven-Application\Flipcart-MultiModule-App
2023-12-26 22:51:24,288 [Worker-63: Launching Flipcart-MultiModule-App (3)] INFO  o.e.m.i.launch.MavenLaunchDelegate -  mvn -B clean compile
2023-12-26 22:51:34,867 [main] INFO  o.e.m2e.actions.ExecutePomAction - Creating new launch configuration
2023-12-26 22:51:47,361 [Worker-60: Launching Flipcart-MultiModule-App (4)] INFO  o.e.m.i.launch.MavenLaunchDelegate - D:\First-Maven-Application\Flipcart-MultiModule-App
2023-12-26 22:51:47,361 [Worker-60: Launching Flipcart-MultiModule-App (4)] INFO  o.e.m.i.launch.MavenLaunchDelegate -  mvn -B clean comple
2023-12-26 22:52:07,392 [main] INFO  o.e.m2e.actions.ExecutePomAction - Creating new launch configuration
2023-12-26 22:52:31,849 [Worker-59: Launching Standlone-APP (7)] INFO  o.e.m.i.launch.MavenLaunchDelegate - D:\First-Maven-Application\Standlone-APP
2023-12-26 22:52:31,850 [Worker-59: Launching Standlone-APP (7)] INFO  o.e.m.i.launch.MavenLaunchDelegate -  mvn -B clean package
2023-12-26 22:53:16,709 [main] INFO  o.e.m2e.actions.ExecutePomAction - Using existing launch configuration
2023-12-26 22:53:35,626 [Worker-60: Launching Standlone-Main-App] INFO  o.e.m.i.launch.MavenLaunchDelegate - D:\First-Maven-Application\Standlone-Main-App
2023-12-26 22:53:35,626 [Worker-60: Launching Standlone-Main-App] INFO  o.e.m.i.launch.MavenLaunchDelegate -  mvn -B clean package
2023-12-26 22:53:48,671 [main] INFO  o.e.m2e.actions.ExecutePomAction - Creating new launch configuration
2023-12-26 22:54:03,246 [Worker-54: Launching Flipcart-MultiModule-App (5)] INFO  o.e.m.i.launch.MavenLaunchDelegate - D:\First-Maven-Application\Flipcart-MultiModule-App
2023-12-26 22:54:03,246 [Worker-54: Launching Flipcart-MultiModule-App (5)] INFO  o.e.m.i.launch.MavenLaunchDelegate -  mvn -B clean package
2023-12-26 22:54:53,849 [Worker-56: Launching Executing clean in D__First-Maven-Application_Standlone-Main-App] INFO  o.e.m.i.launch.MavenLaunchDelegate - D:\First-Maven-Application\Standlone-Main-App
2023-12-26 22:54:53,849 [Worker-56: Launching Executing clean in D__First-Maven-Application_Standlone-Main-App] INFO  o.e.m.i.launch.MavenLaunchDelegate -  mvn -B clean
2023-12-26 22:54:58,193 [Worker-61: Building] INFO  o.e.m.c.i.p.WorkspaceClassifierResolverManager - Resolving P/Standlone-APP: com.raviit:Standlone-APP:0.0.1-SNAPSHOT with classifier  to /Standlone-APP/target/classes
2023-12-26 22:54:58,197 [Worker-61: Building] WARN  o.e.m.c.i.embedder.EclipseLogger - Using platform encoding (Cp1252 actually) to copy filtered resources, i.e. build is platform dependent!
2023-12-26 22:54:58,199 [Worker-61: Building] INFO  o.e.m.c.i.embedder.EclipseLogger - Copying 0 resource
2023-12-26 22:54:58,201 [Worker-61: Building] WARN  o.e.m.c.i.embedder.EclipseLogger - Using platform encoding (Cp1252 actually) to copy filtered resources, i.e. build is platform dependent!
2023-12-26 22:54:58,204 [Worker-61: Building] INFO  o.e.m.c.i.embedder.EclipseLogger - Copying 0 resource
2023-12-26 22:55:07,674 [Worker-56: Updating Maven Project] INFO  o.e.m.c.i.p.ProjectConfigurationManager - Update started
2023-12-26 22:55:08,191 [Worker-56: Updating Maven Project] INFO  o.e.m.c.i.l.LifecycleMappingFactory - Using org.eclipse.m2e.jdt.JarLifecycleMapping lifecycle mapping for MavenProject: com.flipcart:catelog:0.0.1-SNAPSHOT @ D:\First-Maven-Application\Flipcart-MultiModule-App\catelog\pom.xml.
2023-12-26 22:55:08,273 [Worker-56: Updating Maven Project] INFO  o.e.m.c.i.l.LifecycleMappingFactory - Using org.eclipse.m2e.jdt.JarLifecycleMapping lifecycle mapping for MavenProject: com.flipcart:Payment:0.0.1-SNAPSHOT @ D:\First-Maven-Application\Flipcart-MultiModule-App\Payment\pom.xml.
2023-12-26 22:55:08,344 [Worker-56: Updating Maven Project] INFO  o.e.m.c.i.l.LifecycleMappingFactory - Using org.eclipse.m2e.jdt.JarLifecycleMapping lifecycle mapping for MavenProject: com.oracle:Standlone-Main-App:0.0.1-SNAPSHOT @ D:\First-Maven-Application\Standlone-Main-App\pom.xml.
2023-12-26 22:55:08,346 [Worker-56: Updating Maven Project] INFO  o.e.m.c.i.p.WorkspaceClassifierResolverManager - Resolving P/Standlone-APP: com.raviit:Standlone-APP:0.0.1-SNAPSHOT with classifier  to /Standlone-APP/target/classes
2023-12-26 22:55:08,408 [Worker-56: Updating Maven Project] INFO  o.e.m.c.i.l.LifecycleMappingFactory - Using org.eclipse.m2e.jdt.JarLifecycleMapping lifecycle mapping for MavenProject: com.flipcart:Cart:0.0.1-SNAPSHOT @ D:\First-Maven-Application\Flipcart-MultiModule-App\Cart\pom.xml.
2023-12-26 22:55:09,097 [Worker-56: Updating Maven Project] INFO  o.e.m.j.i.AbstractJavaProjectConfigurator - Adding source folder /Standlone-Main-App/src/main/java
2023-12-26 22:55:09,098 [Worker-56: Updating Maven Project] INFO  o.e.m.j.i.AbstractJavaProjectConfigurator - Adding resource folder /Standlone-Main-App/src/main/resources
2023-12-26 22:55:09,098 [Worker-56: Updating Maven Project] INFO  o.e.m.j.i.AbstractJavaProjectConfigurator - Adding source folder /Standlone-Main-App/src/test/java
2023-12-26 22:55:09,098 [Worker-56: Updating Maven Project] INFO  o.e.m.j.i.AbstractJavaProjectConfigurator - Adding resource folder /Standlone-Main-App/src/test/resources
2023-12-26 22:55:09,153 [Worker-56: Updating Maven Project] INFO  o.e.m.c.i.p.ProjectConfigurationManager - Update completed: 1 sec
2023-12-26 22:55:09,288 [Worker-59: Building] WARN  o.e.m.c.i.embedder.EclipseLogger - Using platform encoding (Cp1252 actually) to copy filtered resources, i.e. build is platform dependent!
2023-12-26 22:55:09,292 [Worker-59: Building] INFO  o.e.m.c.i.embedder.EclipseLogger - Copying 0 resource
2023-12-26 22:55:09,294 [Worker-59: Building] WARN  o.e.m.c.i.embedder.EclipseLogger - Using platform encoding (Cp1252 actually) to copy filtered resources, i.e. build is platform dependent!
2023-12-26 22:55:09,296 [Worker-59: Building] INFO  o.e.m.c.i.embedder.EclipseLogger - Copying 0 resource
2023-12-26 22:55:09,309 [Worker-59: Building] WARN  o.e.m.c.i.embedder.EclipseLogger - Using platform encoding (Cp1252 actually) to copy filtered resources, i.e. build is platform dependent!
2023-12-26 22:55:09,310 [Worker-59: Building] INFO  o.e.m.c.i.embedder.EclipseLogger - Copying 0 resource
2023-12-26 22:55:09,311 [Worker-59: Building] WARN  o.e.m.c.i.embedder.EclipseLogger - Using platform encoding (Cp1252 actually) to copy filtered resources, i.e. build is platform dependent!
2023-12-26 22:55:09,313 [Worker-59: Building] INFO  o.e.m.c.i.embedder.EclipseLogger - Copying 0 resource
2023-12-26 22:55:09,348 [Worker-59: Building] INFO  o.e.m.c.i.p.WorkspaceClassifierResolverManager - Resolving P/Standlone-APP: com.raviit:Standlone-APP:0.0.1-SNAPSHOT with classifier  to /Standlone-APP/target/classes
2023-12-26 22:55:09,353 [Worker-59: Building] WARN  o.e.m.c.i.embedder.EclipseLogger - Using platform encoding (Cp1252 actually) to copy filtered resources, i.e. build is platform dependent!
2023-12-26 22:55:09,355 [Worker-59: Building] INFO  o.e.m.c.i.embedder.EclipseLogger - Copying 0 resource
2023-12-26 22:55:09,357 [Worker-59: Building] WARN  o.e.m.c.i.embedder.EclipseLogger - Using platform encoding (Cp1252 actually) to copy filtered resources, i.e. build is platform dependent!
2023-12-26 22:55:09,359 [Worker-59: Building] INFO  o.e.m.c.i.embedder.EclipseLogger - Copying 0 resource
2023-12-26 22:55:09,965 [Worker-59: Building] WARN  o.e.m.c.i.embedder.EclipseLogger - Using platform encoding (Cp1252 actually) to copy filtered resources, i.e. build is platform dependent!
2023-12-26 22:55:09,968 [Worker-59: Building] INFO  o.e.m.c.i.embedder.EclipseLogger - Copying 0 resource
2023-12-26 22:55:09,970 [Worker-59: Building] WARN  o.e.m.c.i.embedder.EclipseLogger - Using platform encoding (Cp1252 actually) to copy filtered resources, i.e. build is platform dependent!
2023-12-26 22:55:09,974 [Worker-59: Building] INFO  o.e.m.c.i.embedder.EclipseLogger - Copying 0 resource
2023-12-26 22:55:09,996 [Worker-59: Building] WARN  o.e.m.c.i.embedder.EclipseLogger - Using platform encoding (Cp1252 actually) to copy filtered resources, i.e. build is platform dependent!
2023-12-26 22:55:09,999 [Worker-59: Building] INFO  o.e.m.c.i.embedder.EclipseLogger - Copying 0 resource
2023-12-26 22:55:10,001 [Worker-59: Building] WARN  o.e.m.c.i.embedder.EclipseLogger - Using platform encoding (Cp1252 actually) to copy filtered resources, i.e. build is platform dependent!
2023-12-26 22:55:10,004 [Worker-59: Building] INFO  o.e.m.c.i.embedder.EclipseLogger - Copying 0 resource
2023-12-26 22:55:32,490 [Worker-59: Updating Maven Project] INFO  o.e.m.c.i.p.ProjectConfigurationManager - Update started
2023-12-26 22:55:33,141 [Worker-59: Updating Maven Project] INFO  o.e.m.c.i.l.LifecycleMappingFactory - Using org.eclipse.m2e.jdt.JarLifecycleMapping lifecycle mapping for MavenProject: com.flipcart:catelog:0.0.1-SNAPSHOT @ D:\First-Maven-Application\Flipcart-MultiModule-App\catelog\pom.xml.
2023-12-26 22:55:33,239 [Worker-59: Updating Maven Project] INFO  o.e.m.c.i.l.LifecycleMappingFactory - Using org.eclipse.m2e.jdt.JarLifecycleMapping lifecycle mapping for MavenProject: com.flipcart:Payment:0.0.1-SNAPSHOT @ D:\First-Maven-Application\Flipcart-MultiModule-App\Payment\pom.xml.
2023-12-26 22:55:33,324 [Worker-59: Updating Maven Project] INFO  o.e.m.c.i.l.LifecycleMappingFactory - Using org.eclipse.m2e.jdt.JarLifecycleMapping lifecycle mapping for MavenProject: com.oracle:Standlone-Main-App:0.0.1-SNAPSHOT @ D:\First-Maven-Application\Standlone-Main-App\pom.xml.
2023-12-26 22:55:33,328 [Worker-59: Updating Maven Project] INFO  o.e.m.c.i.p.WorkspaceClassifierResolverManager - Resolving P/Standlone-APP: com.raviit:Standlone-APP:0.0.1-SNAPSHOT with classifier  to /Standlone-APP/target/classes
2023-12-26 22:55:33,403 [Worker-59: Updating Maven Project] INFO  o.e.m.c.i.l.LifecycleMappingFactory - Using org.eclipse.m2e.jdt.JarLifecycleMapping lifecycle mapping for MavenProject: com.flipcart:Cart:0.0.1-SNAPSHOT @ D:\First-Maven-Application\Flipcart-MultiModule-App\Cart\pom.xml.
2023-12-26 22:55:33,498 [Worker-59: Updating Maven Project] INFO  o.e.m.c.i.l.LifecycleMappingFactory - Using org.eclipse.m2e.jdt.JarLifecycleMapping lifecycle mapping for MavenProject: com.raviit:Standlone-APP:0.0.1-SNAPSHOT @ D:\First-Maven-Application\Standlone-APP\pom.xml.
2023-12-26 22:55:34,635 [Worker-59: Updating Maven Project] INFO  o.e.m.j.i.AbstractJavaProjectConfigurator - Adding source folder /Standlone-APP/src/main/java
2023-12-26 22:55:34,636 [Worker-59: Updating Maven Project] INFO  o.e.m.j.i.AbstractJavaProjectConfigurator - Adding resource folder /Standlone-APP/src/main/resources
2023-12-26 22:55:34,636 [Worker-59: Updating Maven Project] INFO  o.e.m.j.i.AbstractJavaProjectConfigurator - Adding source folder /Standlone-APP/src/test/java
2023-12-26 22:55:34,636 [Worker-59: Updating Maven Project] INFO  o.e.m.j.i.AbstractJavaProjectConfigurator - Adding resource folder /Standlone-APP/src/test/resources
2023-12-26 22:55:34,697 [Worker-59: Updating Maven Project] INFO  o.e.m.c.i.p.ProjectConfigurationManager - Update completed: 2 sec
2023-12-26 22:55:34,829 [Worker-59: Building] WARN  o.e.m.c.i.embedder.EclipseLogger - Using platform encoding (Cp1252 actually) to copy filtered resources, i.e. build is platform dependent!
2023-12-26 22:55:34,832 [Worker-59: Building] INFO  o.e.m.c.i.embedder.EclipseLogger - Copying 0 resource
2023-12-26 22:55:34,834 [Worker-59: Building] WARN  o.e.m.c.i.embedder.EclipseLogger - Using platform encoding (Cp1252 actually) to copy filtered resources, i.e. build is platform dependent!
2023-12-26 22:55:34,836 [Worker-59: Building] INFO  o.e.m.c.i.embedder.EclipseLogger - Copying 0 resource
2023-12-26 22:55:34,846 [Worker-59: Building] WARN  o.e.m.c.i.embedder.EclipseLogger - Using platform encoding (Cp1252 actually) to copy filtered resources, i.e. build is platform dependent!
2023-12-26 22:55:34,847 [Worker-59: Building] INFO  o.e.m.c.i.embedder.EclipseLogger - Copying 0 resource
2023-12-26 22:55:34,848 [Worker-59: Building] WARN  o.e.m.c.i.embedder.EclipseLogger - Using platform encoding (Cp1252 actually) to copy filtered resources, i.e. build is platform dependent!
2023-12-26 22:55:34,849 [Worker-59: Building] INFO  o.e.m.c.i.embedder.EclipseLogger - Copying 0 resource
2023-12-26 22:55:34,876 [Worker-59: Building] WARN  o.e.m.c.i.embedder.EclipseLogger - Using platform encoding (Cp1252 actually) to copy filtered resources, i.e. build is platform dependent!
2023-12-26 22:55:34,878 [Worker-59: Building] INFO  o.e.m.c.i.embedder.EclipseLogger - Copying 0 resource
2023-12-26 22:55:34,879 [Worker-59: Building] WARN  o.e.m.c.i.embedder.EclipseLogger - Using platform encoding (Cp1252 actually) to copy filtered resources, i.e. build is platform dependent!
2023-12-26 22:55:34,882 [Worker-59: Building] INFO  o.e.m.c.i.embedder.EclipseLogger - Copying 0 resource
2023-12-26 22:55:34,926 [Worker-59: Building] INFO  o.e.m.c.i.p.WorkspaceClassifierResolverManager - Resolving P/Standlone-APP: com.raviit:Standlone-APP:0.0.1-SNAPSHOT with classifier  to /Standlone-APP/target/classes
2023-12-26 22:55:34,929 [Worker-59: Building] WARN  o.e.m.c.i.embedder.EclipseLogger - Using platform encoding (Cp1252 actually) to copy filtered resources, i.e. build is platform dependent!
2023-12-26 22:55:34,931 [Worker-59: Building] INFO  o.e.m.c.i.embedder.EclipseLogger - Copying 0 resource
2023-12-26 22:55:34,933 [Worker-59: Building] WARN  o.e.m.c.i.embedder.EclipseLogger - Using platform encoding (Cp1252 actually) to copy filtered resources, i.e. build is platform dependent!
2023-12-26 22:55:34,934 [Worker-59: Building] INFO  o.e.m.c.i.embedder.EclipseLogger - Copying 0 resource
2023-12-26 22:55:34,948 [Worker-59: Building] WARN  o.e.m.c.i.embedder.EclipseLogger - Using platform encoding (Cp1252 actually) to copy filtered resources, i.e. build is platform dependent!
2023-12-26 22:55:34,949 [Worker-59: Building] INFO  o.e.m.c.i.embedder.EclipseLogger - Copying 0 resource
2023-12-26 22:55:34,951 [Worker-59: Building] WARN  o.e.m.c.i.embedder.EclipseLogger - Using platform encoding (Cp1252 actually) to copy filtered resources, i.e. build is platform dependent!
2023-12-26 22:55:34,952 [Worker-59: Building] INFO  o.e.m.c.i.embedder.EclipseLogger - Copying 0 resource
2023-12-26 22:55:44,804 [Worker-62: Launching MainApp] INFO  o.e.m.c.i.p.WorkspaceClassifierResolverManager - Resolving P/Standlone-APP: com.raviit:Standlone-APP:0.0.1-SNAPSHOT with classifier null to /Standlone-APP/target/classes
2023-12-26 22:55:44,822 [Worker-62: Launching MainApp] INFO  o.e.m.c.i.p.WorkspaceClassifierResolverManager - Resolving P/Standlone-APP: com.raviit:Standlone-APP:0.0.1-SNAPSHOT with classifier null to /Standlone-APP/target/classes
2023-12-26 22:55:44,837 [Worker-62: Launching MainApp] INFO  o.e.m.c.i.p.WorkspaceClassifierResolverManager - Resolving P/Standlone-APP: com.raviit:Standlone-APP:0.0.1-SNAPSHOT with classifier null to /Standlone-APP/target/classes
2023-12-26 22:55:55,191 [main] INFO  o.e.m2e.actions.ExecutePomAction - Creating new launch configuration
2023-12-26 22:56:03,186 [Worker-61: Launching Standlone-APP (10)] INFO  o.e.m.i.launch.MavenLaunchDelegate - D:\First-Maven-Application\Standlone-APP
2023-12-26 22:56:03,186 [Worker-61: Launching Standlone-APP (10)] INFO  o.e.m.i.launch.MavenLaunchDelegate -  mvn -B package
2023-12-26 22:56:17,641 [Worker-61: Building] WARN  o.e.m.c.i.embedder.EclipseLogger - Using platform encoding (Cp1252 actually) to copy filtered resources, i.e. build is platform dependent!
2023-12-26 22:56:17,644 [Worker-61: Building] INFO  o.e.m.c.i.embedder.EclipseLogger - Copying 0 resource
2023-12-26 22:56:17,646 [Worker-61: Building] WARN  o.e.m.c.i.embedder.EclipseLogger - Using platform encoding (Cp1252 actually) to copy filtered resources, i.e. build is platform dependent!
2023-12-26 22:56:17,648 [Worker-61: Building] INFO  o.e.m.c.i.embedder.EclipseLogger - Copying 0 resource
